<?xml version="1.0" encoding="UTF-8"?>
<testsuite xmlns:xsi="http://www.w3.org/2001/XMLSchema-instance" xsi:noNamespaceSchemaLocation="https://maven.apache.org/surefire/maven-surefire-plugin/xsd/surefire-test-report-3.0.xsd" version="3.0" name="TPNumberTest" time="0.059" tests="11" errors="0" skipped="0" failures="0">
  <properties>
    <property name="java.specification.version" value="24"/>
    <property name="sun.jnu.encoding" value="UTF-8"/>
    <property name="java.class.path" value="/home/artem/program/university/SoftwareDevelopmentTechnologies/calculator/target/test-classes:/home/artem/program/university/SoftwareDevelopmentTechnologies/calculator/target/classes:/home/artem/.m2/repository/org/junit/jupiter/junit-jupiter-api/5.7.2/junit-jupiter-api-5.7.2.jar:/home/artem/.m2/repository/org/apiguardian/apiguardian-api/1.1.0/apiguardian-api-1.1.0.jar:/home/artem/.m2/repository/org/opentest4j/opentest4j/1.2.0/opentest4j-1.2.0.jar:/home/artem/.m2/repository/org/junit/platform/junit-platform-commons/1.7.2/junit-platform-commons-1.7.2.jar:"/>
    <property name="java.vm.vendor" value="Oracle Corporation"/>
    <property name="sun.arch.data.model" value="64"/>
    <property name="java.vendor.url" value="https://java.oracle.com/"/>
    <property name="os.name" value="Linux"/>
    <property name="java.vm.specification.version" value="24"/>
    <property name="sun.java.launcher" value="SUN_STANDARD"/>
    <property name="user.country" value="RU"/>
    <property name="sun.boot.library.path" value="/home/artem/.jdks/openjdk-24/lib"/>
    <property name="sun.java.command" value="/home/artem/program/university/SoftwareDevelopmentTechnologies/calculator/target/surefire/surefirebooter-20250330190912463_3.jar /home/artem/program/university/SoftwareDevelopmentTechnologies/calculator/target/surefire 2025-03-30T19-09-12_363-jvmRun1 surefire-20250330190912463_1tmp surefire_0-20250330190912463_2tmp"/>
    <property name="jdk.debug" value="release"/>
    <property name="surefire.test.class.path" value="/home/artem/program/university/SoftwareDevelopmentTechnologies/calculator/target/test-classes:/home/artem/program/university/SoftwareDevelopmentTechnologies/calculator/target/classes:/home/artem/.m2/repository/org/junit/jupiter/junit-jupiter-api/5.7.2/junit-jupiter-api-5.7.2.jar:/home/artem/.m2/repository/org/apiguardian/apiguardian-api/1.1.0/apiguardian-api-1.1.0.jar:/home/artem/.m2/repository/org/opentest4j/opentest4j/1.2.0/opentest4j-1.2.0.jar:/home/artem/.m2/repository/org/junit/platform/junit-platform-commons/1.7.2/junit-platform-commons-1.7.2.jar:"/>
    <property name="sun.cpu.endian" value="little"/>
    <property name="user.home" value="/home/artem"/>
    <property name="user.language" value="ru"/>
    <property name="java.specification.vendor" value="Oracle Corporation"/>
    <property name="java.version.date" value="2025-03-18"/>
    <property name="java.home" value="/home/artem/.jdks/openjdk-24"/>
    <property name="file.separator" value="/"/>
    <property name="basedir" value="/home/artem/program/university/SoftwareDevelopmentTechnologies/calculator"/>
    <property name="java.vm.compressedOopsMode" value="Zero based"/>
    <property name="line.separator" value="&#10;"/>
    <property name="java.specification.name" value="Java Platform API Specification"/>
    <property name="java.vm.specification.vendor" value="Oracle Corporation"/>
    <property name="surefire.real.class.path" value="/home/artem/program/university/SoftwareDevelopmentTechnologies/calculator/target/surefire/surefirebooter-20250330190912463_3.jar"/>
    <property name="sun.management.compiler" value="HotSpot 64-Bit Tiered Compilers"/>
    <property name="java.runtime.version" value="24+36-3646"/>
    <property name="user.name" value="artem"/>
    <property name="stdout.encoding" value="UTF-8"/>
    <property name="path.separator" value=":"/>
    <property name="os.version" value="6.8.0-56-generic"/>
    <property name="java.runtime.name" value="OpenJDK Runtime Environment"/>
    <property name="file.encoding" value="UTF-8"/>
    <property name="java.vm.name" value="OpenJDK 64-Bit Server VM"/>
    <property name="localRepository" value="/home/artem/.m2/repository"/>
    <property name="java.vendor.url.bug" value="https://bugreport.java.com/bugreport/"/>
    <property name="java.io.tmpdir" value="/tmp"/>
    <property name="idea.version" value="2024.3.5"/>
    <property name="java.version" value="24"/>
    <property name="user.dir" value="/home/artem/program/university/SoftwareDevelopmentTechnologies/calculator"/>
    <property name="os.arch" value="amd64"/>
    <property name="java.vm.specification.name" value="Java Virtual Machine Specification"/>
    <property name="native.encoding" value="UTF-8"/>
    <property name="java.library.path" value="/usr/java/packages/lib:/usr/lib64:/lib64:/lib:/usr/lib"/>
    <property name="java.vm.info" value="mixed mode, sharing"/>
    <property name="stderr.encoding" value="UTF-8"/>
    <property name="java.vendor" value="Oracle Corporation"/>
    <property name="java.vm.version" value="24+36-3646"/>
    <property name="sun.io.unicode.encoding" value="UnicodeLittle"/>
    <property name="java.class.version" value="68.0"/>
  </properties>
  <testcase name="testReciprocalZero" classname="TPNumberTest" time="0.023"/>
  <testcase name="testDivideByZero" classname="TPNumberTest" time="0.001"/>
  <testcase name="testAdd" classname="TPNumberTest" time="0.002"/>
  <testcase name="testSubtract" classname="TPNumberTest" time="0.001"/>
  <testcase name="testReciprocal" classname="TPNumberTest" time="0.001"/>
  <testcase name="testSetPrecision" classname="TPNumberTest" time="0.001"/>
  <testcase name="testDivide" classname="TPNumberTest" time="0.001"/>
  <testcase name="testMultiply" classname="TPNumberTest" time="0.001"/>
  <testcase name="testAddDifferentBases" classname="TPNumberTest" time="0.001"/>
  <testcase name="testSetBase" classname="TPNumberTest" time="0.0"/>
  <testcase name="testSquare" classname="TPNumberTest" time="0.001"/>
</testsuite>